[ComfyUI-DreamCube][DEBUG] Import start; file=C:\ComfyUI\custom_nodes\ComfyUI-DreamCube\__init__.py
[ComfyUI-DreamCube][DEBUG] sys.path=['C:\\ComfyUI\\custom_nodes\\ComfyUI-DreamCube', 'C:\\Program Files\\Python311\\python311.zip', 'C:\\Program Files\\Python311\\DLLs', 'C:\\Program Files\\Python311\\Lib', 'C:\\Program Files\\Python311', 'C:\\Program Files\\Python311\\Lib\\site-packages', 'C:\\Program Files\\Python311\\Lib\\site-packages\\win32', 'C:\\Program Files\\Python311\\Lib\\site-packages\\win32\\lib', 'C:\\Program Files\\Python311\\Lib\\site-packages\\Pythonwin']
[ComfyUI-DreamCube][DEBUG] v1.0.0 loaded successfully
[ComfyUI-DreamCube][DEBUG] 15 nodes registered
[ComfyUI-DreamCube][DEBUG] Loaded from C:\ComfyUI\custom_nodes\ComfyUI-DreamCube\__init__.py
[ComfyUI-DreamCube][DEBUG] Import start; file=C:\ComfyUI\custom_nodes\ComfyUI-DreamCube\__init__.py
[ComfyUI-DreamCube][DEBUG] sys.path=['C:\\ComfyUI\\custom_nodes\\comfyui-custom-scripts', 'C:\\Users\\Administrator\\AppData\\Local\\Programs\\@comfyorgcomfyui-electron\\resources\\ComfyUI\\comfy', 'C:\\Users\\Administrator\\AppData\\Local\\Programs\\@comfyorgcomfyui-electron\\resources\\ComfyUI', 'C:\\Users\\Administrator\\AppData\\Roaming\\uv\\python\\cpython-3.12.9-windows-x86_64-none\\python312.zip', 'C:\\Users\\Administrator\\AppData\\Roaming\\uv\\python\\cpython-3.12.9-windows-x86_64-none\\DLLs', 'C:\\Users\\Administrator\\AppData\\Roaming\\uv\\python\\cpython-3.12.9-windows-x86_64-none\\Lib', 'C:\\Users\\Administrator\\AppData\\Roaming\\uv\\python\\cpython-3.12.9-windows-x86_64-none', 'C:\\ComfyUI\\.venv', 'C:\\ComfyUI\\.venv\\Lib\\site-packages', 'C:\\ComfyUI\\.venv\\Lib\\site-packages\\win32', 'C:\\ComfyUI\\.venv\\Lib\\site-packages\\win32\\lib', 'C:\\ComfyUI\\.venv\\Lib\\site-packages\\Pythonwin', 'C:\\Users\\Administrator\\AppData\\Local\\Programs\\@comfyorgcomfyui-electron\\resources\\ComfyUI\\custom_nodes\\ComfyUI-Manager\\glob', 'C:/ComfyUI/custom_nodes/comfy-mtb/extern', 'C:/ComfyUI/custom_nodes/comfy-mtb/extern/frame_interpolation', 'C:/ComfyUI/custom_nodes/comfy-mtb/extern/GFPGAN', 'C:/ComfyUI', 'C:/ComfyUI/custom_nodes', 'C:\\ComfyUI\\custom_nodes\\ComfyUI-3D-Pack', 'C:\\ComfyUI\\custom_nodes\\ComfyUI-3D-Pack\\Gen_3D_Modules', 'C:\\ComfyUI\\custom_nodes\\ComfyUI-3D-Pack\\MVs_Algorithms', 'C:\\ComfyUI\\.venv\\Lib\\site-packages\\setuptools\\_vendor']
[ComfyUI-DreamCube][DEBUG] Failed to import nodes package
[ComfyUI-DreamCube][DEBUG] Exception: No module named 'utils.visualization'
[ComfyUI-DreamCube][DEBUG] Module file: C:\ComfyUI\custom_nodes\ComfyUI-DreamCube\__init__.py
[ComfyUI-DreamCube][DEBUG] sys.path: ['C:\\ComfyUI\\custom_nodes\\comfyui-custom-scripts', 'C:\\Users\\Administrator\\AppData\\Local\\Programs\\@comfyorgcomfyui-electron\\resources\\ComfyUI\\comfy', 'C:\\Users\\Administrator\\AppData\\Local\\Programs\\@comfyorgcomfyui-electron\\resources\\ComfyUI', 'C:\\Users\\Administrator\\AppData\\Roaming\\uv\\python\\cpython-3.12.9-windows-x86_64-none\\python312.zip', 'C:\\Users\\Administrator\\AppData\\Roaming\\uv\\python\\cpython-3.12.9-windows-x86_64-none\\DLLs', 'C:\\Users\\Administrator\\AppData\\Roaming\\uv\\python\\cpython-3.12.9-windows-x86_64-none\\Lib', 'C:\\Users\\Administrator\\AppData\\Roaming\\uv\\python\\cpython-3.12.9-windows-x86_64-none', 'C:\\ComfyUI\\.venv', 'C:\\ComfyUI\\.venv\\Lib\\site-packages', 'C:\\ComfyUI\\.venv\\Lib\\site-packages\\win32', 'C:\\ComfyUI\\.venv\\Lib\\site-packages\\win32\\lib', 'C:\\ComfyUI\\.venv\\Lib\\site-packages\\Pythonwin', 'C:\\Users\\Administrator\\AppData\\Local\\Programs\\@comfyorgcomfyui-electron\\resources\\ComfyUI\\custom_nodes\\ComfyUI-Manager\\glob', 'C:/ComfyUI/custom_nodes/comfy-mtb/extern', 'C:/ComfyUI/custom_nodes/comfy-mtb/extern/frame_interpolation', 'C:/ComfyUI/custom_nodes/comfy-mtb/extern/GFPGAN', 'C:/ComfyUI', 'C:/ComfyUI/custom_nodes', 'C:\\ComfyUI\\custom_nodes\\ComfyUI-3D-Pack', 'C:\\ComfyUI\\custom_nodes\\ComfyUI-3D-Pack\\Gen_3D_Modules', 'C:\\ComfyUI\\custom_nodes\\ComfyUI-3D-Pack\\MVs_Algorithms', 'C:\\ComfyUI\\.venv\\Lib\\site-packages\\setuptools\\_vendor', 'C:\\ComfyUI\\custom_nodes\\ComfyUI-DreamCube', 'C:\\ComfyUI\\custom_nodes\\ComfyUI-DreamCube', 'C:\\ComfyUI\\custom_nodes\\ComfyUI-DreamCube']
[ComfyUI-DreamCube][DEBUG] torch available (version 2.9.0+cu128)
[ComfyUI-DreamCube][DEBUG] numpy available (version 1.26.4)
[ComfyUI-DreamCube][DEBUG] scipy available (version 1.15.0)
[ComfyUI-DreamCube][DEBUG] einops available (version 0.8.0)
Traceback (most recent call last):
  File "C:\ComfyUI\custom_nodes\ComfyUI-DreamCube\__init__.py", line 58, in <module>
    from .nodes import projection_nodes, depth_nodes, utility_nodes
  File "C:\ComfyUI\custom_nodes\ComfyUI-DreamCube\nodes\__init__.py", line 9, in <module>
    from . import utility_nodes
  File "C:\ComfyUI\custom_nodes\ComfyUI-DreamCube\nodes\utility_nodes.py", line 17, in <module>
    from utils.visualization import create_cubemap_preview
ModuleNotFoundError: No module named 'utils.visualization'
[ComfyUI-DreamCube][DEBUG] Import start; file=C:\ComfyUI\custom_nodes\ComfyUI-DreamCube\__init__.py
[ComfyUI-DreamCube][DEBUG] sys.path=['C:\\ComfyUI\\custom_nodes\\ComfyUI-DreamCube', 'C:\\Program Files\\Python311\\python311.zip', 'C:\\Program Files\\Python311\\DLLs', 'C:\\Program Files\\Python311\\Lib', 'C:\\Program Files\\Python311', 'C:\\Program Files\\Python311\\Lib\\site-packages', 'C:\\Program Files\\Python311\\Lib\\site-packages\\win32', 'C:\\Program Files\\Python311\\Lib\\site-packages\\win32\\lib', 'C:\\Program Files\\Python311\\Lib\\site-packages\\Pythonwin']
[ComfyUI-DreamCube][DEBUG] v1.0.0 loaded successfully
[ComfyUI-DreamCube][DEBUG] 15 nodes registered
[ComfyUI-DreamCube][DEBUG] Loaded from C:\ComfyUI\custom_nodes\ComfyUI-DreamCube\__init__.py
[ComfyUI-DreamCube][DEBUG] Import start; file=C:\ComfyUI\custom_nodes\ComfyUI-DreamCube\__init__.py
[ComfyUI-DreamCube][DEBUG] sys.path=['C:\\ComfyUI\\custom_nodes\\comfyui-custom-scripts', 'C:\\Users\\Administrator\\AppData\\Local\\Programs\\@comfyorgcomfyui-electron\\resources\\ComfyUI\\comfy', 'C:\\Users\\Administrator\\AppData\\Local\\Programs\\@comfyorgcomfyui-electron\\resources\\ComfyUI', 'C:\\Users\\Administrator\\AppData\\Roaming\\uv\\python\\cpython-3.12.9-windows-x86_64-none\\python312.zip', 'C:\\Users\\Administrator\\AppData\\Roaming\\uv\\python\\cpython-3.12.9-windows-x86_64-none\\DLLs', 'C:\\Users\\Administrator\\AppData\\Roaming\\uv\\python\\cpython-3.12.9-windows-x86_64-none\\Lib', 'C:\\Users\\Administrator\\AppData\\Roaming\\uv\\python\\cpython-3.12.9-windows-x86_64-none', 'C:\\ComfyUI\\.venv', 'C:\\ComfyUI\\.venv\\Lib\\site-packages', 'C:\\ComfyUI\\.venv\\Lib\\site-packages\\win32', 'C:\\ComfyUI\\.venv\\Lib\\site-packages\\win32\\lib', 'C:\\ComfyUI\\.venv\\Lib\\site-packages\\Pythonwin', 'C:\\Users\\Administrator\\AppData\\Local\\Programs\\@comfyorgcomfyui-electron\\resources\\ComfyUI\\custom_nodes\\ComfyUI-Manager\\glob', 'C:/ComfyUI/custom_nodes/comfy-mtb/extern', 'C:/ComfyUI/custom_nodes/comfy-mtb/extern/frame_interpolation', 'C:/ComfyUI/custom_nodes/comfy-mtb/extern/GFPGAN', 'C:/ComfyUI', 'C:/ComfyUI/custom_nodes', 'C:\\ComfyUI\\custom_nodes\\ComfyUI-3D-Pack', 'C:\\ComfyUI\\custom_nodes\\ComfyUI-3D-Pack\\Gen_3D_Modules', 'C:\\ComfyUI\\custom_nodes\\ComfyUI-3D-Pack\\MVs_Algorithms', 'C:\\ComfyUI\\.venv\\Lib\\site-packages\\setuptools\\_vendor']
[ComfyUI-DreamCube][DEBUG] v1.0.0 loaded successfully
[ComfyUI-DreamCube][DEBUG] 15 nodes registered
[ComfyUI-DreamCube][DEBUG] Loaded from C:\ComfyUI\custom_nodes\ComfyUI-DreamCube\__init__.py
[ComfyUI-DreamCube][DEBUG] Import start; file=C:\ComfyUI\custom_nodes\ComfyUI-DreamCube\__init__.py
[ComfyUI-DreamCube][DEBUG] sys.path=['C:\\ComfyUI\\custom_nodes\\ComfyUI-DreamCube', 'C:\\Program Files\\Python311\\python311.zip', 'C:\\Program Files\\Python311\\DLLs', 'C:\\Program Files\\Python311\\Lib', 'C:\\Program Files\\Python311', 'C:\\Program Files\\Python311\\Lib\\site-packages', 'C:\\Program Files\\Python311\\Lib\\site-packages\\win32', 'C:\\Program Files\\Python311\\Lib\\site-packages\\win32\\lib', 'C:\\Program Files\\Python311\\Lib\\site-packages\\Pythonwin']
[ComfyUI-DreamCube][DEBUG] v1.0.0 loaded successfully
[ComfyUI-DreamCube][DEBUG] 15 nodes registered
[ComfyUI-DreamCube][DEBUG] Loaded from C:\ComfyUI\custom_nodes\ComfyUI-DreamCube\__init__.py
[ComfyUI-DreamCube][DEBUG] Import start; file=C:\ComfyUI\custom_nodes\ComfyUI-DreamCube\__init__.py
[ComfyUI-DreamCube][DEBUG] sys.path=['C:\\ComfyUI\\custom_nodes\\comfyui-custom-scripts', 'C:\\Users\\Administrator\\AppData\\Local\\Programs\\@comfyorgcomfyui-electron\\resources\\ComfyUI\\comfy', 'C:\\Users\\Administrator\\AppData\\Local\\Programs\\@comfyorgcomfyui-electron\\resources\\ComfyUI', 'C:\\Users\\Administrator\\AppData\\Roaming\\uv\\python\\cpython-3.12.9-windows-x86_64-none\\python312.zip', 'C:\\Users\\Administrator\\AppData\\Roaming\\uv\\python\\cpython-3.12.9-windows-x86_64-none\\DLLs', 'C:\\Users\\Administrator\\AppData\\Roaming\\uv\\python\\cpython-3.12.9-windows-x86_64-none\\Lib', 'C:\\Users\\Administrator\\AppData\\Roaming\\uv\\python\\cpython-3.12.9-windows-x86_64-none', 'C:\\ComfyUI\\.venv', 'C:\\ComfyUI\\.venv\\Lib\\site-packages', 'C:\\ComfyUI\\.venv\\Lib\\site-packages\\win32', 'C:\\ComfyUI\\.venv\\Lib\\site-packages\\win32\\lib', 'C:\\ComfyUI\\.venv\\Lib\\site-packages\\Pythonwin', 'C:\\Users\\Administrator\\AppData\\Local\\Programs\\@comfyorgcomfyui-electron\\resources\\ComfyUI\\custom_nodes\\ComfyUI-Manager\\glob', 'C:/ComfyUI/custom_nodes/comfy-mtb/extern', 'C:/ComfyUI/custom_nodes/comfy-mtb/extern/frame_interpolation', 'C:/ComfyUI/custom_nodes/comfy-mtb/extern/GFPGAN', 'C:/ComfyUI', 'C:/ComfyUI/custom_nodes', 'C:\\ComfyUI\\custom_nodes\\ComfyUI-3D-Pack', 'C:\\ComfyUI\\custom_nodes\\ComfyUI-3D-Pack\\Gen_3D_Modules', 'C:\\ComfyUI\\custom_nodes\\ComfyUI-3D-Pack\\MVs_Algorithms', 'C:\\ComfyUI\\.venv\\Lib\\site-packages\\setuptools\\_vendor']
[ComfyUI-DreamCube][DEBUG] v1.0.0 loaded successfully
[ComfyUI-DreamCube][DEBUG] 15 nodes registered
[ComfyUI-DreamCube][DEBUG] Loaded from C:\ComfyUI\custom_nodes\ComfyUI-DreamCube\__init__.py
